app/build/intermediates/manifest_merge_blame_file/release/processReleaseMainManifest/manifest-merger-blame-release-report.txt
1<?xml version="1.0" encoding="utf-8"?>
2<manifest xmlns:android="http://schemas.android.com/apk/res/android"
3    package="com.telcoagent.udpclient"
4    android:versionCode="55"
5    android:versionName="2.44" >
6
7    <uses-sdk
8        android:minSdkVersion="26"
9        android:targetSdkVersion="35" />
10
11    <uses-permission android:name="android.permission.INTERNET" />
11-->src/main/AndroidManifest.xml:4:5-67
11-->src/main/AndroidManifest.xml:4:22-64
12    <uses-permission android:name="android.permission.ACCESS_NETWORK_STATE" />
12-->src/main/AndroidManifest.xml:5:5-79
12-->src/main/AndroidManifest.xml:5:22-76
13    <uses-permission android:name="android.permission.ACCESS_WIFI_STATE" />
13-->src/main/AndroidManifest.xml:6:5-76
13-->src/main/AndroidManifest.xml:6:22-73
14    <uses-permission android:name="android.permission.ACCESS_FINE_LOCATION" />
14-->src/main/AndroidManifest.xml:7:5-79
14-->src/main/AndroidManifest.xml:7:22-76
15    <uses-permission android:name="android.permission.ACCESS_COARSE_LOCATION" />
15-->src/main/AndroidManifest.xml:8:5-81
15-->src/main/AndroidManifest.xml:8:22-78
16    <uses-permission android:name="android.permission.READ_PHONE_STATE" />
16-->src/main/AndroidManifest.xml:9:5-75
16-->src/main/AndroidManifest.xml:9:22-72
17    <uses-permission android:name="android.permission.READ_PRECISE_PHONE_STATE" />
17-->src/main/AndroidManifest.xml:10:5-83
17-->src/main/AndroidManifest.xml:10:22-80
18    <uses-permission android:name="android.permission.FOREGROUND_SERVICE" />
18-->src/main/AndroidManifest.xml:11:5-77
18-->src/main/AndroidManifest.xml:11:22-74
19    <uses-permission android:name="android.permission.FOREGROUND_SERVICE_LOCATION" />
19-->src/main/AndroidManifest.xml:12:5-86
19-->src/main/AndroidManifest.xml:12:22-83
20    <uses-permission android:name="android.permission.POST_NOTIFICATIONS" />
20-->src/main/AndroidManifest.xml:13:5-77
20-->src/main/AndroidManifest.xml:13:22-74
21    <uses-permission android:name="android.permission.WAKE_LOCK" />
21-->src/main/AndroidManifest.xml:14:5-68
21-->src/main/AndroidManifest.xml:14:22-65
22    <uses-permission android:name="android.permission.QUERY_ALL_PACKAGES" />
22-->src/main/AndroidManifest.xml:15:5-77
22-->src/main/AndroidManifest.xml:15:22-74
23
24    <permission
24-->[androidx.core:core:1.15.0] AndroidManifest.xml:22:5-24:47
25        android:name="com.telcoagent.udpclient.DYNAMIC_RECEIVER_NOT_EXPORTED_PERMISSION"
25-->[androidx.core:core:1.15.0] AndroidManifest.xml:23:9-81
26        android:protectionLevel="signature" />
26-->[androidx.core:core:1.15.0] AndroidManifest.xml:24:9-44
27
28    <uses-permission android:name="com.telcoagent.udpclient.DYNAMIC_RECEIVER_NOT_EXPORTED_PERMISSION" />
28-->[androidx.core:core:1.15.0] AndroidManifest.xml:26:5-97
28-->[androidx.core:core:1.15.0] AndroidManifest.xml:26:22-94
29
30    <application
30-->src/main/AndroidManifest.xml:17:5-66:19
31        android:name="com.telcoagent.udpclient.NetProbeApplication"
31-->src/main/AndroidManifest.xml:18:9-44
32        android:allowBackup="true"
32-->src/main/AndroidManifest.xml:19:9-35
33        android:appComponentFactory="androidx.core.app.CoreComponentFactory"
33-->[androidx.core:core:1.15.0] AndroidManifest.xml:28:18-86
34        android:extractNativeLibs="false"
35        android:icon="@mipmap/ic_launcher"
35-->src/main/AndroidManifest.xml:21:9-43
36        android:label="@string/app_name"
36-->src/main/AndroidManifest.xml:23:9-41
37        android:roundIcon="@mipmap/ic_launcher_round"
37-->src/main/AndroidManifest.xml:22:9-54
38        android:supportsRtl="true"
38-->src/main/AndroidManifest.xml:24:9-35
39        android:theme="@style/Theme.UdpClient"
39-->src/main/AndroidManifest.xml:25:9-47
40        android:usesCleartextTraffic="true" >
40-->src/main/AndroidManifest.xml:20:9-44
41        <activity
41-->src/main/AndroidManifest.xml:26:9-33:20
42            android:name="com.telcoagent.udpclient.MainActivity"
42-->src/main/AndroidManifest.xml:27:13-41
43            android:exported="true" >
43-->src/main/AndroidManifest.xml:28:13-36
44            <intent-filter>
44-->src/main/AndroidManifest.xml:29:13-32:29
45                <action android:name="android.intent.action.MAIN" />
45-->src/main/AndroidManifest.xml:30:17-69
45-->src/main/AndroidManifest.xml:30:25-66
46
47                <category android:name="android.intent.category.LAUNCHER" />
47-->src/main/AndroidManifest.xml:31:17-77
47-->src/main/AndroidManifest.xml:31:27-74
48            </intent-filter>
49        </activity>
50
51        <service
51-->src/main/AndroidManifest.xml:34:9-37:56
52            android:name="com.telcoagent.udpclient.RadioLogService"
52-->src/main/AndroidManifest.xml:35:13-44
53            android:exported="false"
53-->src/main/AndroidManifest.xml:36:13-37
54            android:foregroundServiceType="location" />
54-->src/main/AndroidManifest.xml:37:13-53
55        <service
55-->src/main/AndroidManifest.xml:38:9-41:56
56            android:name="com.telcoagent.udpclient.ProbeService"
56-->src/main/AndroidManifest.xml:39:13-41
57            android:exported="false"
57-->src/main/AndroidManifest.xml:40:13-37
58            android:foregroundServiceType="location" />
58-->src/main/AndroidManifest.xml:41:13-53
59        <service
59-->src/main/AndroidManifest.xml:42:9-45:56
60            android:name="com.telcoagent.udpclient.AbrService"
60-->src/main/AndroidManifest.xml:43:13-39
61            android:exported="false"
61-->src/main/AndroidManifest.xml:44:13-37
62            android:foregroundServiceType="location" />
62-->src/main/AndroidManifest.xml:45:13-53
63        <service
63-->src/main/AndroidManifest.xml:46:9-49:56
64            android:name="com.telcoagent.udpclient.MaxService"
64-->src/main/AndroidManifest.xml:47:13-39
65            android:exported="false"
65-->src/main/AndroidManifest.xml:48:13-37
66            android:foregroundServiceType="location" />
66-->src/main/AndroidManifest.xml:49:13-53
67        <service
67-->src/main/AndroidManifest.xml:50:9-53:56
68            android:name="com.telcoagent.udpclient.DriveService"
68-->src/main/AndroidManifest.xml:51:13-41
69            android:exported="false"
69-->src/main/AndroidManifest.xml:52:13-37
70            android:foregroundServiceType="location" />
70-->src/main/AndroidManifest.xml:53:13-53
71        <service
71-->src/main/AndroidManifest.xml:54:9-57:56
72            android:name="com.telcoagent.udpclient.AnalysisVpnService"
72-->src/main/AndroidManifest.xml:55:13-47
73            android:exported="false"
73-->src/main/AndroidManifest.xml:56:13-37
74            android:foregroundServiceType="location" />
74-->src/main/AndroidManifest.xml:57:13-53
75        <service
75-->src/main/AndroidManifest.xml:58:9-65:19
76            android:name="com.wireguard.android.backend.GoBackend$VpnService"
76-->src/main/AndroidManifest.xml:59:13-78
77            android:exported="false"
77-->src/main/AndroidManifest.xml:60:13-37
78            android:permission="android.permission.BIND_VPN_SERVICE" >
78-->src/main/AndroidManifest.xml:61:13-69
79            <intent-filter>
79-->src/main/AndroidManifest.xml:62:13-64:29
80                <action android:name="android.net.VpnService" />
80-->src/main/AndroidManifest.xml:63:17-65
80-->src/main/AndroidManifest.xml:63:25-62
81            </intent-filter>
82        </service>
83
84        <provider
84-->[androidx.emoji2:emoji2:1.3.0] AndroidManifest.xml:24:9-32:20
85            android:name="androidx.startup.InitializationProvider"
85-->[androidx.emoji2:emoji2:1.3.0] AndroidManifest.xml:25:13-67
86            android:authorities="com.telcoagent.udpclient.androidx-startup"
86-->[androidx.emoji2:emoji2:1.3.0] AndroidManifest.xml:26:13-68
87            android:exported="false" >
87-->[androidx.emoji2:emoji2:1.3.0] AndroidManifest.xml:27:13-37
88            <meta-data
88-->[androidx.emoji2:emoji2:1.3.0] AndroidManifest.xml:29:13-31:52
89                android:name="androidx.emoji2.text.EmojiCompatInitializer"
89-->[androidx.emoji2:emoji2:1.3.0] AndroidManifest.xml:30:17-75
90                android:value="androidx.startup" />
90-->[androidx.emoji2:emoji2:1.3.0] AndroidManifest.xml:31:17-49
91            <meta-data
91-->[androidx.lifecycle:lifecycle-process:2.8.7] AndroidManifest.xml:29:13-31:52
92                android:name="androidx.lifecycle.ProcessLifecycleInitializer"
92-->[androidx.lifecycle:lifecycle-process:2.8.7] AndroidManifest.xml:30:17-78
93                android:value="androidx.startup" />
93-->[androidx.lifecycle:lifecycle-process:2.8.7] AndroidManifest.xml:31:17-49
94            <meta-data
94-->[androidx.profileinstaller:profileinstaller:1.4.0] AndroidManifest.xml:29:13-31:52
95                android:name="androidx.profileinstaller.ProfileInstallerInitializer"
95-->[androidx.profileinstaller:profileinstaller:1.4.0] AndroidManifest.xml:30:17-85
96                android:value="androidx.startup" />
96-->[androidx.profileinstaller:profileinstaller:1.4.0] AndroidManifest.xml:31:17-49
97        </provider>
98
99        <receiver
99-->[androidx.profileinstaller:profileinstaller:1.4.0] AndroidManifest.xml:34:9-52:20
100            android:name="androidx.profileinstaller.ProfileInstallReceiver"
100-->[androidx.profileinstaller:profileinstaller:1.4.0] AndroidManifest.xml:35:13-76
101            android:directBootAware="false"
101-->[androidx.profileinstaller:profileinstaller:1.4.0] AndroidManifest.xml:36:13-44
102            android:enabled="true"
102-->[androidx.profileinstaller:profileinstaller:1.4.0] AndroidManifest.xml:37:13-35
103            android:exported="true"
103-->[androidx.profileinstaller:profileinstaller:1.4.0] AndroidManifest.xml:38:13-36
104            android:permission="android.permission.DUMP" >
104-->[androidx.profileinstaller:profileinstaller:1.4.0] AndroidManifest.xml:39:13-57
105            <intent-filter>
105-->[androidx.profileinstaller:profileinstaller:1.4.0] AndroidManifest.xml:40:13-42:29
106                <action android:name="androidx.profileinstaller.action.INSTALL_PROFILE" />
106-->[androidx.profileinstaller:profileinstaller:1.4.0] AndroidManifest.xml:41:17-91
106-->[androidx.profileinstaller:profileinstaller:1.4.0] AndroidManifest.xml:41:25-88
107            </intent-filter>
108            <intent-filter>
108-->[androidx.profileinstaller:profileinstaller:1.4.0] AndroidManifest.xml:43:13-45:29
109                <action android:name="androidx.profileinstaller.action.SKIP_FILE" />
109-->[androidx.profileinstaller:profileinstaller:1.4.0] AndroidManifest.xml:44:17-85
109-->[androidx.profileinstaller:profileinstaller:1.4.0] AndroidManifest.xml:44:25-82
110            </intent-filter>
111            <intent-filter>
111-->[androidx.profileinstaller:profileinstaller:1.4.0] AndroidManifest.xml:46:13-48:29
112                <action android:name="androidx.profileinstaller.action.SAVE_PROFILE" />
112-->[androidx.profileinstaller:profileinstaller:1.4.0] AndroidManifest.xml:47:17-88
112-->[androidx.profileinstaller:profileinstaller:1.4.0] AndroidManifest.xml:47:25-85
113            </intent-filter>
114            <intent-filter>
114-->[androidx.profileinstaller:profileinstaller:1.4.0] AndroidManifest.xml:49:13-51:29
115                <action android:name="androidx.profileinstaller.action.BENCHMARK_OPERATION" />
115-->[androidx.profileinstaller:profileinstaller:1.4.0] AndroidManifest.xml:50:17-95
115-->[androidx.profileinstaller:profileinstaller:1.4.0] AndroidManifest.xml:50:25-92
116            </intent-filter>
117        </receiver>
118    </application>
119
120</manifest>